base/build/outputs/mapping/release/seeds.txt
android.base.BuildConfig
android.base.BuildConfig: boolean DEBUG
android.base.BuildConfig: java.lang.String APPLICATION_ID
android.base.BuildConfig: java.lang.String BUILD_TYPE
android.base.BuildConfig: java.lang.String FLAVOR
android.base.BuildConfig: int VERSION_CODE
android.base.BuildConfig: java.lang.String VERSION_NAME
android.base.BuildConfig: BuildConfig()
android.base.R
android.base.R: R()
android.base.R$anim
android.base.R$anim: int abc_fade_in
android.base.R$anim: int abc_fade_out
android.base.R$anim: int abc_grow_fade_in_from_bottom
android.base.R$anim: int abc_popup_enter
android.base.R$anim: int abc_popup_exit
android.base.R$anim: int abc_shrink_fade_out_from_bottom
android.base.R$anim: int abc_slide_in_bottom
android.base.R$anim: int abc_slide_in_top
android.base.R$anim: int abc_slide_out_bottom
android.base.R$anim: int abc_slide_out_top
android.base.R$anim: int blink
android.base.R$anim: int bounce
android.base.R$anim: int design_bottom_sheet_slide_in
android.base.R$anim: int design_bottom_sheet_slide_out
android.base.R$anim: int design_fab_in
android.base.R$anim: int design_fab_out
android.base.R$anim: int design_snackbar_in
android.base.R$anim: int design_snackbar_out
android.base.R$anim: int fade_in
android.base.R$anim: int fade_out
android.base.R$anim: int flip
android.base.R$anim: int left_out
android.base.R$anim: int left_out_pop
android.base.R$anim: int move
android.base.R$anim: int right_in
android.base.R$anim: int right_in_pop
android.base.R$anim: int rotate_45
android.base.R$anim: int sequential
android.base.R$anim: int slide_down
android.base.R$anim: int slide_in_left
android.base.R$anim: int slide_in_right
android.base.R$anim: int slide_out_left
android.base.R$anim: int slide_out_right
android.base.R$anim: int slide_top_to_bottom
android.base.R$anim: int slide_up
android.base.R$anim: int together
android.base.R$anim: int zoom_in
android.base.R$animator
android.base.R$animator: int design_appbar_state_list_animator
android.base.R$animator: R$animator()
android.base.R$array
android.base.R$array: int CountryCodes
android.base.R$array: R$array()
android.base.R$attr
android.base.R$attr: int actionBarDivider
android.base.R$attr: int actionBarItemBackground
android.base.R$attr: int actionBarPopupTheme
android.base.R$attr: int actionBarSize
android.base.R$attr: int actionBarSplitStyle
android.base.R$attr: int actionBarStyle
android.base.R$attr: int actionBarTabBarStyle
android.base.R$attr: int actionBarTabStyle
android.base.R$attr: int actionBarTabTextStyle
android.base.R$attr: int actionBarTheme
android.base.R$attr: int actionBarWidgetTheme
android.base.R$attr: int actionButtonStyle
android.base.R$attr: int actionDropDownStyle
android.base.R$attr: int actionLayout
android.base.R$attr: int actionMenuTextAppearance
android.base.R$attr: int actionMenuTextColor
android.base.R$attr: int actionModeBackground
android.base.R$attr: int actionModeCloseButtonStyle
android.base.R$attr: int actionModeCloseDrawable
android.base.R$attr: int actionModeCopyDrawable
android.base.R$attr: int actionModeCutDrawable
android.base.R$attr: int actionModeFindDrawable
android.base.R$attr: int actionModePasteDrawable
android.base.R$attr: int actionModePopupWindowStyle
android.base.R$attr: int actionModeSelectAllDrawable
android.base.R$attr: int actionModeShareDrawable
android.base.R$attr: int actionModeSplitBackground
android.base.R$attr: int actionModeStyle
android.base.R$attr: int actionModeWebSearchDrawable
android.base.R$attr: int actionOverflowButtonStyle
android.base.R$attr: int actionOverflowMenuStyle
android.base.R$bool
android.base.R$bool: int abc_action_bar_embed_tabs
android.base.R$bool: int abc_allow_stacked_button_bar
android.base.R$bool: int abc_config_actionMenuItemAllCaps
android.base.R$bool: int abc_config_closeDialogWhenTouchOutside
android.base.R$bool: int abc_config_showMenuShortcutsWhenKeyboardPresent
android.base.R$bool: R$bool()
...
android.support.compat.R
android.support.compat.R: R()
android.support.coreui.R
android.support.coreui.R: R()
android.support.coreutils.R
android.support.coreutils.R: R()
android.support.design.R
android.support.design.R: R()
android.support.design.R$anim
android.support.design.R$anim: int abc_fade_in
android.support.design.R$anim: int abc_fade_out
android.support.design.R$anim: int abc_grow_fade_in_from_bottom
android.support.design.R$anim: int abc_popup_enter
android.support.design.R$anim: int abc_popup_exit
android.support.design.R$anim: int abc_shrink_fade_out_from_bottom
android.support.design.R$anim: int abc_slide_in_bottom
android.support.design.R$anim: int abc_slide_in_top
android.support.design.R$anim: int abc_slide_out_bottom
android.support.design.R$anim: int abc_slide_out_top
android.support.design.R$anim: int design_bottom_sheet_slide_in
android.support.design.R$anim: int design_bottom_sheet_slide_out
android.support.design.R$anim: int design_fab_in
android.support.design.R$anim: int design_fab_out
android.support.design.R$anim: int design_snackbar_in
android.support.design.R$anim: int design_snackbar_out
android.support.design.R$anim: R$anim()
android.support.design.R$animator
android.support.design.R$animator: int design_appbar_state_list_animator
android.support.design.R$animator: R$animator()
android.support.design.R$attr
android.support.design.R$attr: int actionBarDivider
android.support.design.R$attr: int actionBarItemBackground
android.support.design.R$attr: int actionBarPopupTheme
android.support.design.R$attr: int actionBarSize
android.support.design.R$attr: int actionBarSplitStyle
android.support.design.R$attr: int actionBarStyle
android.support.design.R$attr: int actionBarTabBarStyle
android.support.design.R$attr: int actionBarTabStyle
android.support.design.R$attr: int actionBarTabTextStyle
android.support.design.R$attr: int actionBarTheme
android.support.design.R$attr: int actionBarWidgetTheme
android.support.design.R$attr: int actionButtonStyle
android.support.design.R$attr: int actionDropDownStyle
android.support.design.R$attr: int actionLayout
android.support.design.R$attr: int actionMenuTextAppearance
android.support.design.R$attr: int actionMenuTextColor
android.support.design.R$attr: int actionModeBackground
android.support.design.R$attr: int actionModeCloseButtonStyle
android.support.design.R$attr: int actionModeCloseDrawable
android.support.design.R$attr: int actionModeCopyDrawable
android.support.design.R$attr: int actionModeCutDrawable
android.support.design.R$attr: int actionModeFindDrawable
android.support.design.R$attr: int actionModePasteDrawable
android.support.design.R$attr: int actionModePopupWindowStyle
android.support.design.R$attr: int actionModeSelectAllDrawable
android.support.design.R$attr: int actionModeShareDrawable
android.support.design.R$bool
android.support.design.R$bool: int abc_action_bar_embed_tabs
android.support.design.R$bool: int abc_allow_stacked_button_bar
android.support.design.R$bool: int abc_config_actionMenuItemAllCaps
android.support.design.R$bool: int abc_config_closeDialogWhenTouchOutside
android.support.design.R$bool: int abc_config_showMenuShortcutsWhenKeyboardPresent
android.support.design.R$bool: R$bool()